Build started 2015-10-27 4:02:05 PM.
     1>Project "C:\Users\Radu\Desktop\Risk\Risk\Risk\Risk.vcxproj" on node 2 (Build target(s)).
     1>Link:
         C:\Program Files (x86)\Microsoft Visual Studio 14.0\VC\bin\link.exe /ERRORREPORT:PROMPT /OUT:"C:\Users\Radu\Desktop\Risk\Risk\Debug\Risk.exe" /INCREMENTAL /NOLOGO kernel32.lib user32.lib gdi32.lib winspool.lib comdlg32.lib advapi32.lib shell32.lib ole32.lib oleaut32.lib uuid.lib odbc32.lib odbccp32.lib /MANIFEST /MANIFESTUAC:"level='asInvoker' uiAccess='false'" /manifest:embed /Debug /PDB:"C:\Users\Radu\Desktop\Risk\Risk\Debug\Risk.pdb" /SUBSYSTEM:CONSOLE /TLBID:1 /DYNAMICBASE /NXCOMPAT /IMPLIB:"C:\Users\Radu\Desktop\Risk\Risk\Debug\Risk.lib" /MACHINE:X86 Debug\CardCashing.obj
         Debug\Combat.obj
         Debug\Country.obj
         Debug\Deck.obj
         Debug\Engine.obj
         Debug\Map.obj
         Debug\MapManager.obj
         Debug\Player.obj
         Debug\Region.obj
         Debug\Risk.obj
         Debug\stdafx.obj
     1>CardCashing.obj : error LNK2019: unresolved external symbol "int __cdecl InputProcedure::get_choice(void)" (?get_choice@InputProcedure@@YAHXZ) referenced in function "void __cdecl CardCashing::cash_on_condition1(class std::vector<struct Deck::Card,class std::allocator<struct Deck::Card> > &,class Deck &)" (?cash_on_condition1@CardCashing@@YAXAAV?$vector@UCard@Deck@@V?$allocator@UCard@Deck@@@std@@@std@@AAVDeck@@@Z)
     1>Combat.obj : error LNK2001: unresolved external symbol "int __cdecl InputProcedure::get_choice(void)" (?get_choice@InputProcedure@@YAHXZ)
     1>C:\Users\Radu\Desktop\Risk\Risk\Debug\Risk.exe : fatal error LNK1120: 1 unresolved externals
     1>Done Building Project "C:\Users\Radu\Desktop\Risk\Risk\Risk\Risk.vcxproj" (Build target(s)) -- FAILED.

Build FAILED.

Time Elapsed 00:00:00.73
